\BOOKMARK [0][]{chapter*.1}{\315NDICE DE FIGURAS}{}% 1
\BOOKMARK [1][]{chapter*.2}{Lista de Figuras}{chapter*.1}% 2
\BOOKMARK [0][]{chapter*.2}{\315NDICE DE TABLAS}{}% 3
\BOOKMARK [1][]{chapter*.3}{Lista de Tablas}{chapter*.2}% 4
\BOOKMARK [0][]{chapter.1}{1 INTRODUCCI\323N}{}% 5
\BOOKMARK [1][]{section.1.1}{1.1 Motivaci\363n}{chapter.1}% 6
\BOOKMARK [1][]{section.1.2}{1.2 Objetivos}{chapter.1}% 7
\BOOKMARK [1][]{section.1.3}{1.3 Estructura de la memoria}{chapter.1}% 8
\BOOKMARK [0][]{chapter.2}{2 ANTECEDENTES Y ESTADO DE LA CUESTI\323N}{}% 9
\BOOKMARK [0][]{chapter.3}{3 METODOLOG\315A Y DESARROLLO}{}% 10
\BOOKMARK [0][]{chapter.4}{4 EXPERIMENTOS Y RESULTADOS}{}% 11
\BOOKMARK [0][]{chapter.5}{5 CONCLUSIONES Y PROPUESTAS}{}% 12
\BOOKMARK [1][]{section.5.1}{5.1 Conclusiones}{chapter.5}% 13
\BOOKMARK [1][]{section.5.2}{5.2 Trabajo futuro}{chapter.5}% 14
\BOOKMARK [0][]{chapter*.4}{BIBLIOGRAFIA}{}% 15
\BOOKMARK [0][]{chapter*.5}{CONTENIDO DEL CD}{}% 16
\BOOKMARK [0][]{appendix.Alph1}{A EJEMPLO DE USO DE LA HERRAMIENTA X}{}% 17
\BOOKMARK [0][]{appendix.Alph2}{B MANUAL DE USUARIO}{}% 18
\BOOKMARK [1][]{section.Alph2.1}{B.1 Introducci\363n}{appendix.Alph2}% 19
\BOOKMARK [1][]{section.Alph2.2}{B.2 Pantalla de bienvenida}{appendix.Alph2}% 20
